*** Starting uWSGI 2.0.6 (64bit) on [Tue Dec 30 19:46:21 2014] ***
compiled with version: 4.8.3 20140627 [gcc-4_8-branch revision 212064] on 15 October 2014 17:22:30
os: Linux-3.16.7-7-desktop #1 SMP PREEMPT Wed Dec 17 18:00:44 UTC 2014 (762f27a)
nodename: crystal.site
machine: x86_64
clock source: unix
pcre jit disabled
detected number of CPU cores: 4
current working directory: /home/tyan/python/stockPredict
detected binary path: /usr/sbin/uwsgi
uWSGI running as root, you can use --uid/--gid/--chroot options
*** WARNING: you are running uWSGI as root !!! (use the --uid flag) *** 
*** WARNING: you are running uWSGI without its master process manager ***
your processes number limit is 23493
your memory page size is 4096 bytes
detected max file descriptor number: 1024
lock engine: pthread robust mutexes
thunder lock: disabled (you can enable it with --thunder-lock)
probably another instance of uWSGI is running on the same address (:8077).
bind(): Address already in use [core/socket.c line 759]
*** Starting uWSGI 2.0.6 (64bit) on [Tue Dec 30 19:50:50 2014] ***
compiled with version: 4.8.3 20140627 [gcc-4_8-branch revision 212064] on 15 October 2014 17:22:30
os: Linux-3.16.7-7-desktop #1 SMP PREEMPT Wed Dec 17 18:00:44 UTC 2014 (762f27a)
nodename: crystal.site
machine: x86_64
clock source: unix
pcre jit disabled
detected number of CPU cores: 4
current working directory: /home/tyan/python/stockPredict
detected binary path: /usr/sbin/uwsgi
uWSGI running as root, you can use --uid/--gid/--chroot options
*** WARNING: you are running uWSGI as root !!! (use the --uid flag) *** 
*** WARNING: you are running uWSGI without its master process manager ***
your processes number limit is 23493
your memory page size is 4096 bytes
detected max file descriptor number: 1024
lock engine: pthread robust mutexes
thunder lock: disabled (you can enable it with --thunder-lock)
uwsgi socket 0 bound to UNIX address 8077 fd 3
Python version: 2.7.8 (default, Sep 30 2014, 15:34:38) [GCC]
*** Python threads support is disabled. You can enable it with --enable-threads ***
Python main interpreter initialized at 0xf66f30
your server socket listen backlog is limited to 100 connections
your mercy for graceful operations on workers is 60 seconds
mapped 72768 bytes (71 KB) for 1 cores
*** Operational MODE: single process ***
WSGI app 0 (mountpoint='') ready in 0 seconds on interpreter 0xf66f30 pid: 1147 (default app)
*** uWSGI is running in multiple interpreter mode ***
spawned uWSGI worker 1 (and the only) (pid: 1147, cores: 1)
*** Starting uWSGI 2.0.6 (64bit) on [Tue Dec 30 20:00:26 2014] ***
compiled with version: 4.8.3 20140627 [gcc-4_8-branch revision 212064] on 15 October 2014 17:22:30
os: Linux-3.16.7-7-desktop #1 SMP PREEMPT Wed Dec 17 18:00:44 UTC 2014 (762f27a)
nodename: crystal.site
machine: x86_64
clock source: unix
pcre jit disabled
detected number of CPU cores: 4
current working directory: /home/tyan/python/stockPredict
detected binary path: /usr/sbin/uwsgi
uWSGI running as root, you can use --uid/--gid/--chroot options
*** WARNING: you are running uWSGI as root !!! (use the --uid flag) *** 
*** WARNING: you are running uWSGI without its master process manager ***
your processes number limit is 23493
your memory page size is 4096 bytes
detected max file descriptor number: 1024
lock engine: pthread robust mutexes
thunder lock: disabled (you can enable it with --thunder-lock)
uwsgi socket 0 bound to UNIX address 8077 fd 3
Python version: 2.7.8 (default, Sep 30 2014, 15:34:38) [GCC]
*** Python threads support is disabled. You can enable it with --enable-threads ***
Python main interpreter initialized at 0x242af30
your server socket listen backlog is limited to 100 connections
your mercy for graceful operations on workers is 60 seconds
mapped 72768 bytes (71 KB) for 1 cores
*** Operational MODE: single process ***
WSGI app 0 (mountpoint='') ready in 0 seconds on interpreter 0x242af30 pid: 4155 (default app)
*** uWSGI is running in multiple interpreter mode ***
spawned uWSGI worker 1 (and the only) (pid: 4155, cores: 1)
*** Starting uWSGI 2.0.6 (64bit) on [Tue Dec 30 20:03:48 2014] ***
compiled with version: 4.8.3 20140627 [gcc-4_8-branch revision 212064] on 15 October 2014 17:22:30
os: Linux-3.16.7-7-desktop #1 SMP PREEMPT Wed Dec 17 18:00:44 UTC 2014 (762f27a)
nodename: crystal.site
machine: x86_64
clock source: unix
pcre jit disabled
detected number of CPU cores: 4
current working directory: /home/tyan/python/stockPredict
detected binary path: /usr/sbin/uwsgi
uWSGI running as root, you can use --uid/--gid/--chroot options
*** WARNING: you are running uWSGI as root !!! (use the --uid flag) *** 
your processes number limit is 23493
your memory page size is 4096 bytes
detected max file descriptor number: 1024
lock engine: pthread robust mutexes
thunder lock: disabled (you can enable it with --thunder-lock)
uwsgi socket 0 bound to UNIX address 8077 fd 3
Python version: 2.7.8 (default, Sep 30 2014, 15:34:38) [GCC]
*** Python threads support is disabled. You can enable it with --enable-threads ***
Python main interpreter initialized at 0xae3f70
your server socket listen backlog is limited to 100 connections
your mercy for graceful operations on workers is 60 seconds
mapped 145536 bytes (142 KB) for 1 cores
*** Operational MODE: single process ***
WSGI app 0 (mountpoint='') ready in 0 seconds on interpreter 0xae3f70 pid: 4926 (default app)
*** uWSGI is running in multiple interpreter mode ***
spawned uWSGI master process (pid: 4926)
spawned uWSGI worker 1 (pid: 4934, cores: 1)
...brutally killing workers...
worker 1 buried after 1 seconds
binary reloading uWSGI...
chdir() to /home/tyan/python/stockPredict
closing all non-uwsgi socket fds > 2 (max_fd = 1024)...
found fd 3 mapped to socket 0 (8077)
running /usr/sbin/uwsgi
[uWSGI] parsing config file uwsgi.xml
*** Starting uWSGI 2.0.6 (64bit) on [Tue Dec 30 20:06:28 2014] ***
compiled with version: 4.8.3 20140627 [gcc-4_8-branch revision 212064] on 15 October 2014 17:22:30
os: Linux-3.16.7-7-desktop #1 SMP PREEMPT Wed Dec 17 18:00:44 UTC 2014 (762f27a)
nodename: crystal.site
machine: x86_64
clock source: unix
pcre jit disabled
detected number of CPU cores: 4
current working directory: /home/tyan/python/stockPredict
detected binary path: /usr/sbin/uwsgi
uWSGI running as root, you can use --uid/--gid/--chroot options
*** WARNING: you are running uWSGI as root !!! (use the --uid flag) *** 
your processes number limit is 23493
your memory page size is 4096 bytes
detected max file descriptor number: 1024
lock engine: pthread robust mutexes
thunder lock: disabled (you can enable it with --thunder-lock)
uwsgi socket 0 inherited UNIX address 8077 fd 3
Python version: 2.7.8 (default, Sep 30 2014, 15:34:38) [GCC]
*** Python threads support is disabled. You can enable it with --enable-threads ***
Python main interpreter initialized at 0x122bdc0
your server socket listen backlog is limited to 100 connections
your mercy for graceful operations on workers is 60 seconds
mapped 145536 bytes (142 KB) for 1 cores
*** Operational MODE: single process ***
WSGI app 0 (mountpoint='') ready in 0 seconds on interpreter 0x122bdc0 pid: 4926 (default app)
*** uWSGI is running in multiple interpreter mode ***
gracefully (RE)spawned uWSGI master process (pid: 4926)
spawned uWSGI worker 1 (pid: 6456, cores: 1)
*** Starting uWSGI 2.0.6 (64bit) on [Tue Dec 30 20:07:00 2014] ***
compiled with version: 4.8.3 20140627 [gcc-4_8-branch revision 212064] on 15 October 2014 17:22:30
os: Linux-3.16.7-7-desktop #1 SMP PREEMPT Wed Dec 17 18:00:44 UTC 2014 (762f27a)
nodename: crystal.site
machine: x86_64
clock source: unix
pcre jit disabled
detected number of CPU cores: 4
current working directory: /home/tyan/python/stockPredict
detected binary path: /usr/sbin/uwsgi
uWSGI running as root, you can use --uid/--gid/--chroot options
setuid() to 1000
your processes number limit is 23493
your memory page size is 4096 bytes
detected max file descriptor number: 1024
lock engine: pthread robust mutexes
thunder lock: disabled (you can enable it with --thunder-lock)
uwsgi socket 0 bound to UNIX address 8077 fd 3
Python version: 2.7.8 (default, Sep 30 2014, 15:34:38) [GCC]
*** Python threads support is disabled. You can enable it with --enable-threads ***
Python main interpreter initialized at 0x168a030
your server socket listen backlog is limited to 100 connections
your mercy for graceful operations on workers is 60 seconds
mapped 145536 bytes (142 KB) for 1 cores
*** Operational MODE: single process ***
WSGI app 0 (mountpoint='') ready in 0 seconds on interpreter 0x168a030 pid: 6531 (default app)
*** uWSGI is running in multiple interpreter mode ***
spawned uWSGI master process (pid: 6531)
spawned uWSGI worker 1 (pid: 6539, cores: 1)
...brutally killing workers...
...brutally killing workers...
worker 1 buried after 1 seconds
binary reloading uWSGI...
chdir() to /home/tyan/python/stockPredict
closing all non-uwsgi socket fds > 2 (max_fd = 1024)...
found fd 3 mapped to socket 0 (8077)
worker 1 buried after 1 seconds
binary reloading uWSGI...
chdir() to /home/tyan/python/stockPredict
closing all non-uwsgi socket fds > 2 (max_fd = 1024)...
found fd 3 mapped to socket 0 (8077)
running /usr/sbin/uwsgi
running /usr/sbin/uwsgi
[uWSGI] parsing config file uwsgi.xml
[uWSGI] parsing config file uwsgi.xml
*** Starting uWSGI 2.0.6 (64bit) on [Tue Dec 30 20:08:27 2014] ***
compiled with version: 4.8.3 20140627 [gcc-4_8-branch revision 212064] on 15 October 2014 17:22:30
os: Linux-3.16.7-7-desktop #1 SMP PREEMPT Wed Dec 17 18:00:44 UTC 2014 (762f27a)
*** Starting uWSGI 2.0.6 (64bit) on [Tue Dec 30 20:08:27 2014] ***
nodename: crystal.site
compiled with version: 4.8.3 20140627 [gcc-4_8-branch revision 212064] on 15 October 2014 17:22:30
machine: x86_64
clock source: unix
os: Linux-3.16.7-7-desktop #1 SMP PREEMPT Wed Dec 17 18:00:44 UTC 2014 (762f27a)
pcre jit disabled
nodename: crystal.site
detected number of CPU cores: 4
machine: x86_64
current working directory: /home/tyan/python/stockPredict
clock source: unix
detected binary path: /usr/sbin/uwsgi
pcre jit disabled
detected number of CPU cores: 4
current working directory: /home/tyan/python/stockPredict
detected binary path: /usr/sbin/uwsgi
your processes number limit is 23493
uWSGI running as root, you can use --uid/--gid/--chroot options
your memory page size is 4096 bytes
*** WARNING: you are running uWSGI as root !!! (use the --uid flag) *** 
detected max file descriptor number: 1024
your processes number limit is 23493
lock engine: pthread robust mutexes
your memory page size is 4096 bytes
detected max file descriptor number: 1024
lock engine: pthread robust mutexes
thunder lock: disabled (you can enable it with --thunder-lock)
thunder lock: disabled (you can enable it with --thunder-lock)
uwsgi socket 0 inherited UNIX address 8077 fd 3
uwsgi socket 0 inherited UNIX address 8077 fd 3
Python version: 2.7.8 (default, Sep 30 2014, 15:34:38) [GCC]
Python version: 2.7.8 (default, Sep 30 2014, 15:34:38) [GCC]
*** Python threads support is disabled. You can enable it with --enable-threads ***
Python main interpreter initialized at 0x10f9e80
your server socket listen backlog is limited to 100 connections
your mercy for graceful operations on workers is 60 seconds
*** Python threads support is disabled. You can enable it with --enable-threads ***
Python main interpreter initialized at 0x12f1dc0
your server socket listen backlog is limited to 100 connections
mapped 145536 bytes (142 KB) for 1 cores
your mercy for graceful operations on workers is 60 seconds
*** Operational MODE: single process ***
mapped 145536 bytes (142 KB) for 1 cores
*** Operational MODE: single process ***
WSGI app 0 (mountpoint='') ready in 0 seconds on interpreter 0x12f1dc0 pid: 4926 (default app)
*** uWSGI is running in multiple interpreter mode ***
gracefully (RE)spawned uWSGI master process (pid: 4926)
spawned uWSGI worker 1 (pid: 6727, cores: 1)
WSGI app 0 (mountpoint='') ready in 1 seconds on interpreter 0x10f9e80 pid: 6531 (default app)
*** uWSGI is running in multiple interpreter mode ***
gracefully (RE)spawned uWSGI master process (pid: 6531)
spawned uWSGI worker 1 (pid: 6728, cores: 1)
...brutally killing workers...
...brutally killing workers...
worker 1 buried after 1 seconds
binary reloading uWSGI...
chdir() to /home/tyan/python/stockPredict
closing all non-uwsgi socket fds > 2 (max_fd = 1024)...
found fd 3 mapped to socket 0 (8077)
running /usr/sbin/uwsgi
worker 1 buried after 1 seconds
binary reloading uWSGI...
chdir() to /home/tyan/python/stockPredict
closing all non-uwsgi socket fds > 2 (max_fd = 1024)...
found fd 3 mapped to socket 0 (8077)
running /usr/sbin/uwsgi
[uWSGI] parsing config file uwsgi.xml
[uWSGI] parsing config file uwsgi.xml
*** Starting uWSGI 2.0.6 (64bit) on [Tue Dec 30 20:08:33 2014] ***
compiled with version: 4.8.3 20140627 [gcc-4_8-branch revision 212064] on 15 October 2014 17:22:30
os: Linux-3.16.7-7-desktop #1 SMP PREEMPT Wed Dec 17 18:00:44 UTC 2014 (762f27a)
nodename: crystal.site
machine: x86_64
clock source: unix
pcre jit disabled
detected number of CPU cores: 4
current working directory: /home/tyan/python/stockPredict
detected binary path: /usr/sbin/uwsgi
uWSGI running as root, you can use --uid/--gid/--chroot options
*** WARNING: you are running uWSGI as root !!! (use the --uid flag) *** 
your processes number limit is 23493
your memory page size is 4096 bytes
detected max file descriptor number: 1024
lock engine: pthread robust mutexes
thunder lock: disabled (you can enable it with --thunder-lock)
uwsgi socket 0 inherited UNIX address 8077 fd 3
Python version: 2.7.8 (default, Sep 30 2014, 15:34:38) [GCC]
*** Starting uWSGI 2.0.6 (64bit) on [Tue Dec 30 20:08:33 2014] ***
compiled with version: 4.8.3 20140627 [gcc-4_8-branch revision 212064] on 15 October 2014 17:22:30
os: Linux-3.16.7-7-desktop #1 SMP PREEMPT Wed Dec 17 18:00:44 UTC 2014 (762f27a)
nodename: crystal.site
machine: x86_64
clock source: unix
pcre jit disabled
detected number of CPU cores: 4
current working directory: /home/tyan/python/stockPredict
detected binary path: /usr/sbin/uwsgi
your processes number limit is 23493
your memory page size is 4096 bytes
detected max file descriptor number: 1024
lock engine: pthread robust mutexes
thunder lock: disabled (you can enable it with --thunder-lock)
uwsgi socket 0 inherited UNIX address 8077 fd 3
Python version: 2.7.8 (default, Sep 30 2014, 15:34:38) [GCC]
*** Python threads support is disabled. You can enable it with --enable-threads ***
Python main interpreter initialized at 0x794dc0
your server socket listen backlog is limited to 100 connections
your mercy for graceful operations on workers is 60 seconds
mapped 145536 bytes (142 KB) for 1 cores
*** Operational MODE: single process ***
*** Python threads support is disabled. You can enable it with --enable-threads ***
Python main interpreter initialized at 0x1e4de80
your server socket listen backlog is limited to 100 connections
your mercy for graceful operations on workers is 60 seconds
mapped 145536 bytes (142 KB) for 1 cores
*** Operational MODE: single process ***
WSGI app 0 (mountpoint='') ready in 0 seconds on interpreter 0x794dc0 pid: 4926 (default app)
WSGI app 0 (mountpoint='') ready in 0 seconds on interpreter 0x1e4de80 pid: 6531 (default app)
*** uWSGI is running in multiple interpreter mode ***
*** uWSGI is running in multiple interpreter mode ***
gracefully (RE)spawned uWSGI master process (pid: 6531)
gracefully (RE)spawned uWSGI master process (pid: 4926)
spawned uWSGI worker 1 (pid: 6754, cores: 1)
spawned uWSGI worker 1 (pid: 6753, cores: 1)
...brutally killing workers...
worker 1 buried after 1 seconds
binary reloading uWSGI...
chdir() to /home/tyan/python/stockPredict
closing all non-uwsgi socket fds > 2 (max_fd = 1024)...
found fd 3 mapped to socket 0 (8077)
running /usr/sbin/uwsgi
[uWSGI] parsing config file uwsgi.xml
*** Starting uWSGI 2.0.6 (64bit) on [Tue Dec 30 20:08:39 2014] ***
compiled with version: 4.8.3 20140627 [gcc-4_8-branch revision 212064] on 15 October 2014 17:22:30
os: Linux-3.16.7-7-desktop #1 SMP PREEMPT Wed Dec 17 18:00:44 UTC 2014 (762f27a)
nodename: crystal.site
machine: x86_64
clock source: unix
pcre jit disabled
detected number of CPU cores: 4
current working directory: /home/tyan/python/stockPredict
detected binary path: /usr/sbin/uwsgi
uWSGI running as root, you can use --uid/--gid/--chroot options
*** WARNING: you are running uWSGI as root !!! (use the --uid flag) *** 
your processes number limit is 23493
your memory page size is 4096 bytes
detected max file descriptor number: 1024
lock engine: pthread robust mutexes
thunder lock: disabled (you can enable it with --thunder-lock)
uwsgi socket 0 inherited UNIX address 8077 fd 3
Python version: 2.7.8 (default, Sep 30 2014, 15:34:38) [GCC]
*** Python threads support is disabled. You can enable it with --enable-threads ***
Python main interpreter initialized at 0x9e9dc0
your server socket listen backlog is limited to 100 connections
your mercy for graceful operations on workers is 60 seconds
mapped 145536 bytes (142 KB) for 1 cores
*** Operational MODE: single process ***
WSGI app 0 (mountpoint='') ready in 0 seconds on interpreter 0x9e9dc0 pid: 4926 (default app)
*** uWSGI is running in multiple interpreter mode ***
gracefully (RE)spawned uWSGI master process (pid: 4926)
spawned uWSGI worker 1 (pid: 6774, cores: 1)
...brutally killing workers...
...brutally killing workers...
worker 1 buried after 1 seconds
binary reloading uWSGI...
worker 1 buried after 1 seconds
chdir() to /home/tyan/python/stockPredict
binary reloading uWSGI...
chdir() to /home/tyan/python/stockPredict
closing all non-uwsgi socket fds > 2 (max_fd = 1024)...
closing all non-uwsgi socket fds > 2 (max_fd = 1024)...
found fd 3 mapped to socket 0 (8077)
found fd 3 mapped to socket 0 (8077)
running /usr/sbin/uwsgi
running /usr/sbin/uwsgi
[uWSGI] parsing config file uwsgi.xml
[uWSGI] parsing config file uwsgi.xml
*** Starting uWSGI 2.0.6 (64bit) on [Tue Dec 30 20:08:41 2014] ***
*** Starting uWSGI 2.0.6 (64bit) on [Tue Dec 30 20:08:41 2014] ***
compiled with version: 4.8.3 20140627 [gcc-4_8-branch revision 212064] on 15 October 2014 17:22:30
compiled with version: 4.8.3 20140627 [gcc-4_8-branch revision 212064] on 15 October 2014 17:22:30
os: Linux-3.16.7-7-desktop #1 SMP PREEMPT Wed Dec 17 18:00:44 UTC 2014 (762f27a)
os: Linux-3.16.7-7-desktop #1 SMP PREEMPT Wed Dec 17 18:00:44 UTC 2014 (762f27a)
nodename: crystal.site
nodename: crystal.site
machine: x86_64
machine: x86_64
clock source: unix
clock source: unix
pcre jit disabled
pcre jit disabled
detected number of CPU cores: 4
detected number of CPU cores: 4
current working directory: /home/tyan/python/stockPredict
current working directory: /home/tyan/python/stockPredict
detected binary path: /usr/sbin/uwsgi
detected binary path: /usr/sbin/uwsgi
uWSGI running as root, you can use --uid/--gid/--chroot options
*** WARNING: you are running uWSGI as root !!! (use the --uid flag) *** 
your processes number limit is 23493
your memory page size is 4096 bytes
your processes number limit is 23493
detected max file descriptor number: 1024
your memory page size is 4096 bytes
lock engine: pthread robust mutexes
detected max file descriptor number: 1024
lock engine: pthread robust mutexes
thunder lock: disabled (you can enable it with --thunder-lock)
thunder lock: disabled (you can enable it with --thunder-lock)
uwsgi socket 0 inherited UNIX address 8077 fd 3
uwsgi socket 0 inherited UNIX address 8077 fd 3
Python version: 2.7.8 (default, Sep 30 2014, 15:34:38) [GCC]
Python version: 2.7.8 (default, Sep 30 2014, 15:34:38) [GCC]
*** Python threads support is disabled. You can enable it with --enable-threads ***
Python main interpreter initialized at 0x2323dc0
your server socket listen backlog is limited to 100 connections
your mercy for graceful operations on workers is 60 seconds
*** Python threads support is disabled. You can enable it with --enable-threads ***
Python main interpreter initialized at 0x1efce80
your server socket listen backlog is limited to 100 connections
your mercy for graceful operations on workers is 60 seconds
mapped 145536 bytes (142 KB) for 1 cores
mapped 145536 bytes (142 KB) for 1 cores
*** Operational MODE: single process ***
*** Operational MODE: single process ***
WSGI app 0 (mountpoint='') ready in 0 seconds on interpreter 0x1efce80 pid: 6531 (default app)
*** uWSGI is running in multiple interpreter mode ***
gracefully (RE)spawned uWSGI master process (pid: 6531)
spawned uWSGI worker 1 (pid: 6790, cores: 1)
WSGI app 0 (mountpoint='') ready in 0 seconds on interpreter 0x2323dc0 pid: 4926 (default app)
*** uWSGI is running in multiple interpreter mode ***
gracefully (RE)spawned uWSGI master process (pid: 4926)
spawned uWSGI worker 1 (pid: 6791, cores: 1)
...brutally killing workers...
...brutally killing workers...
worker 1 buried after 1 seconds
binary reloading uWSGI...
chdir() to /home/tyan/python/stockPredict
closing all non-uwsgi socket fds > 2 (max_fd = 1024)...
found fd 3 mapped to socket 0 (8077)
running /usr/sbin/uwsgi
worker 1 buried after 1 seconds
binary reloading uWSGI...
chdir() to /home/tyan/python/stockPredict
closing all non-uwsgi socket fds > 2 (max_fd = 1024)...
found fd 3 mapped to socket 0 (8077)
running /usr/sbin/uwsgi
[uWSGI] parsing config file uwsgi.xml
[uWSGI] parsing config file uwsgi.xml
*** Starting uWSGI 2.0.6 (64bit) on [Tue Dec 30 20:08:43 2014] ***
compiled with version: 4.8.3 20140627 [gcc-4_8-branch revision 212064] on 15 October 2014 17:22:30
os: Linux-3.16.7-7-desktop #1 SMP PREEMPT Wed Dec 17 18:00:44 UTC 2014 (762f27a)
nodename: crystal.site
machine: x86_64
clock source: unix
pcre jit disabled
detected number of CPU cores: 4
current working directory: /home/tyan/python/stockPredict
detected binary path: /usr/sbin/uwsgi
uWSGI running as root, you can use --uid/--gid/--chroot options
*** WARNING: you are running uWSGI as root !!! (use the --uid flag) *** 
your processes number limit is 23493
your memory page size is 4096 bytes
detected max file descriptor number: 1024
lock engine: pthread robust mutexes
thunder lock: disabled (you can enable it with --thunder-lock)
uwsgi socket 0 inherited UNIX address 8077 fd 3
Python version: 2.7.8 (default, Sep 30 2014, 15:34:38) [GCC]
*** Starting uWSGI 2.0.6 (64bit) on [Tue Dec 30 20:08:43 2014] ***
compiled with version: 4.8.3 20140627 [gcc-4_8-branch revision 212064] on 15 October 2014 17:22:30
os: Linux-3.16.7-7-desktop #1 SMP PREEMPT Wed Dec 17 18:00:44 UTC 2014 (762f27a)
nodename: crystal.site
machine: x86_64
clock source: unix
pcre jit disabled
detected number of CPU cores: 4
current working directory: /home/tyan/python/stockPredict
detected binary path: /usr/sbin/uwsgi
your processes number limit is 23493
your memory page size is 4096 bytes
detected max file descriptor number: 1024
lock engine: pthread robust mutexes
thunder lock: disabled (you can enable it with --thunder-lock)
uwsgi socket 0 inherited UNIX address 8077 fd 3
Python version: 2.7.8 (default, Sep 30 2014, 15:34:38) [GCC]
*** Python threads support is disabled. You can enable it with --enable-threads ***
Python main interpreter initialized at 0x1d56dc0
your server socket listen backlog is limited to 100 connections
your mercy for graceful operations on workers is 60 seconds
mapped 145536 bytes (142 KB) for 1 cores
*** Operational MODE: single process ***
*** Python threads support is disabled. You can enable it with --enable-threads ***
Python main interpreter initialized at 0x26d0e80
your server socket listen backlog is limited to 100 connections
your mercy for graceful operations on workers is 60 seconds
mapped 145536 bytes (142 KB) for 1 cores
*** Operational MODE: single process ***
WSGI app 0 (mountpoint='') ready in 0 seconds on interpreter 0x26d0e80 pid: 6531 (default app)
WSGI app 0 (mountpoint='') ready in 0 seconds on interpreter 0x1d56dc0 pid: 4926 (default app)
*** uWSGI is running in multiple interpreter mode ***
*** uWSGI is running in multiple interpreter mode ***
gracefully (RE)spawned uWSGI master process (pid: 4926)
gracefully (RE)spawned uWSGI master process (pid: 6531)
spawned uWSGI worker 1 (pid: 6807, cores: 1)
spawned uWSGI worker 1 (pid: 6808, cores: 1)
...brutally killing workers...
...brutally killing workers...
worker 1 buried after 1 seconds
binary reloading uWSGI...
chdir() to /home/tyan/python/stockPredict
closing all non-uwsgi socket fds > 2 (max_fd = 1024)...
found fd 3 mapped to socket 0 (8077)
running /usr/sbin/uwsgi
[uWSGI] parsing config file uwsgi.xml
worker 1 buried after 1 seconds
binary reloading uWSGI...
chdir() to /home/tyan/python/stockPredict
closing all non-uwsgi socket fds > 2 (max_fd = 1024)...
found fd 3 mapped to socket 0 (8077)
running /usr/sbin/uwsgi
*** Starting uWSGI 2.0.6 (64bit) on [Tue Dec 30 20:09:03 2014] ***
compiled with version: 4.8.3 20140627 [gcc-4_8-branch revision 212064] on 15 October 2014 17:22:30
os: Linux-3.16.7-7-desktop #1 SMP PREEMPT Wed Dec 17 18:00:44 UTC 2014 (762f27a)
nodename: crystal.site
machine: x86_64
clock source: unix
pcre jit disabled
detected number of CPU cores: 4
current working directory: /home/tyan/python/stockPredict
detected binary path: /usr/sbin/uwsgi
uWSGI running as root, you can use --uid/--gid/--chroot options
*** WARNING: you are running uWSGI as root !!! (use the --uid flag) *** 
your processes number limit is 23493
your memory page size is 4096 bytes
detected max file descriptor number: 1024
lock engine: pthread robust mutexes
thunder lock: disabled (you can enable it with --thunder-lock)
uwsgi socket 0 inherited UNIX address 8077 fd 3
Python version: 2.7.8 (default, Sep 30 2014, 15:34:38) [GCC]
[uWSGI] parsing config file uwsgi.xml
*** Starting uWSGI 2.0.6 (64bit) on [Tue Dec 30 20:09:03 2014] ***
compiled with version: 4.8.3 20140627 [gcc-4_8-branch revision 212064] on 15 October 2014 17:22:30
os: Linux-3.16.7-7-desktop #1 SMP PREEMPT Wed Dec 17 18:00:44 UTC 2014 (762f27a)
nodename: crystal.site
machine: x86_64
clock source: unix
pcre jit disabled
detected number of CPU cores: 4
current working directory: /home/tyan/python/stockPredict
detected binary path: /usr/sbin/uwsgi
your processes number limit is 23493
your memory page size is 4096 bytes
detected max file descriptor number: 1024
lock engine: pthread robust mutexes
thunder lock: disabled (you can enable it with --thunder-lock)
uwsgi socket 0 inherited UNIX address 8077 fd 3
Python version: 2.7.8 (default, Sep 30 2014, 15:34:38) [GCC]
*** Python threads support is disabled. You can enable it with --enable-threads ***
Python main interpreter initialized at 0xc29dc0
your server socket listen backlog is limited to 100 connections
your mercy for graceful operations on workers is 60 seconds
mapped 145536 bytes (142 KB) for 1 cores
*** Operational MODE: single process ***
*** Python threads support is disabled. You can enable it with --enable-threads ***
Python main interpreter initialized at 0xf2ee80
your server socket listen backlog is limited to 100 connections
your mercy for graceful operations on workers is 60 seconds
mapped 145536 bytes (142 KB) for 1 cores
*** Operational MODE: single process ***
WSGI app 0 (mountpoint='') ready in 0 seconds on interpreter 0xf2ee80 pid: 6531 (default app)
*** uWSGI is running in multiple interpreter mode ***
gracefully (RE)spawned uWSGI master process (pid: 6531)
spawned uWSGI worker 1 (pid: 6873, cores: 1)
WSGI app 0 (mountpoint='') ready in 0 seconds on interpreter 0xc29dc0 pid: 4926 (default app)
*** uWSGI is running in multiple interpreter mode ***
gracefully (RE)spawned uWSGI master process (pid: 4926)
spawned uWSGI worker 1 (pid: 6874, cores: 1)
...brutally killing workers...
...brutally killing workers...
worker 1 buried after 1 seconds
binary reloading uWSGI...
chdir() to /home/tyan/python/stockPredict
closing all non-uwsgi socket fds > 2 (max_fd = 1024)...
found fd 3 mapped to socket 0 (8077)
worker 1 buried after 1 seconds
binary reloading uWSGI...
chdir() to /home/tyan/python/stockPredict
closing all non-uwsgi socket fds > 2 (max_fd = 1024)...
found fd 3 mapped to socket 0 (8077)
running /usr/sbin/uwsgi
running /usr/sbin/uwsgi
[uWSGI] parsing config file uwsgi.xml
[uWSGI] parsing config file uwsgi.xml
*** Starting uWSGI 2.0.6 (64bit) on [Tue Dec 30 20:10:03 2014] ***
compiled with version: 4.8.3 20140627 [gcc-4_8-branch revision 212064] on 15 October 2014 17:22:30
os: Linux-3.16.7-7-desktop #1 SMP PREEMPT Wed Dec 17 18:00:44 UTC 2014 (762f27a)
nodename: crystal.site
machine: x86_64
clock source: unix
pcre jit disabled
detected number of CPU cores: 4
current working directory: /home/tyan/python/stockPredict
detected binary path: /usr/sbin/uwsgi
uWSGI running as root, you can use --uid/--gid/--chroot options
*** WARNING: you are running uWSGI as root !!! (use the --uid flag) *** 
your processes number limit is 23493
your memory page size is 4096 bytes
detected max file descriptor number: 1024
lock engine: pthread robust mutexes
thunder lock: disabled (you can enable it with --thunder-lock)
uwsgi socket 0 inherited UNIX address 8077 fd 3
Python version: 2.7.8 (default, Sep 30 2014, 15:34:38) [GCC]
*** Starting uWSGI 2.0.6 (64bit) on [Tue Dec 30 20:10:03 2014] ***
compiled with version: 4.8.3 20140627 [gcc-4_8-branch revision 212064] on 15 October 2014 17:22:30
os: Linux-3.16.7-7-desktop #1 SMP PREEMPT Wed Dec 17 18:00:44 UTC 2014 (762f27a)
nodename: crystal.site
machine: x86_64
clock source: unix
pcre jit disabled
detected number of CPU cores: 4
current working directory: /home/tyan/python/stockPredict
detected binary path: /usr/sbin/uwsgi
your processes number limit is 23493
your memory page size is 4096 bytes
detected max file descriptor number: 1024
lock engine: pthread robust mutexes
thunder lock: disabled (you can enable it with --thunder-lock)
uwsgi socket 0 inherited UNIX address 8077 fd 3
Python version: 2.7.8 (default, Sep 30 2014, 15:34:38) [GCC]
*** Python threads support is disabled. You can enable it with --enable-threads ***
Python main interpreter initialized at 0xce8dc0
your server socket listen backlog is limited to 100 connections
your mercy for graceful operations on workers is 60 seconds
mapped 145536 bytes (142 KB) for 1 cores
*** Operational MODE: single process ***
*** Python threads support is disabled. You can enable it with --enable-threads ***
Python main interpreter initialized at 0x9c2e80
your server socket listen backlog is limited to 100 connections
your mercy for graceful operations on workers is 60 seconds
mapped 145536 bytes (142 KB) for 1 cores
*** Operational MODE: single process ***
WSGI app 0 (mountpoint='') ready in 0 seconds on interpreter 0x9c2e80 pid: 6531 (default app)
*** uWSGI is running in multiple interpreter mode ***
gracefully (RE)spawned uWSGI master process (pid: 6531)
spawned uWSGI worker 1 (pid: 8465, cores: 1)
WSGI app 0 (mountpoint='') ready in 0 seconds on interpreter 0xce8dc0 pid: 4926 (default app)
*** uWSGI is running in multiple interpreter mode ***
gracefully (RE)spawned uWSGI master process (pid: 4926)
spawned uWSGI worker 1 (pid: 8466, cores: 1)
...brutally killing workers...
...brutally killing workers...
worker 1 buried after 1 seconds
binary reloading uWSGI...
chdir() to /home/tyan/python/stockPredict
closing all non-uwsgi socket fds > 2 (max_fd = 1024)...
found fd 3 mapped to socket 0 (8077)
running /usr/sbin/uwsgi
worker 1 buried after 1 seconds
binary reloading uWSGI...
chdir() to /home/tyan/python/stockPredict
closing all non-uwsgi socket fds > 2 (max_fd = 1024)...
found fd 3 mapped to socket 0 (8077)
running /usr/sbin/uwsgi
[uWSGI] parsing config file uwsgi.xml
[uWSGI] parsing config file uwsgi.xml
*** Starting uWSGI 2.0.6 (64bit) on [Tue Dec 30 20:10:06 2014] ***
compiled with version: 4.8.3 20140627 [gcc-4_8-branch revision 212064] on 15 October 2014 17:22:30
os: Linux-3.16.7-7-desktop #1 SMP PREEMPT Wed Dec 17 18:00:44 UTC 2014 (762f27a)
nodename: crystal.site
machine: x86_64
clock source: unix
pcre jit disabled
detected number of CPU cores: 4
current working directory: /home/tyan/python/stockPredict
detected binary path: /usr/sbin/uwsgi
your processes number limit is 23493
your memory page size is 4096 bytes
detected max file descriptor number: 1024
lock engine: pthread robust mutexes
thunder lock: disabled (you can enable it with --thunder-lock)
uwsgi socket 0 inherited UNIX address 8077 fd 3
*** Starting uWSGI 2.0.6 (64bit) on [Tue Dec 30 20:10:06 2014] ***
compiled with version: 4.8.3 20140627 [gcc-4_8-branch revision 212064] on 15 October 2014 17:22:30
os: Linux-3.16.7-7-desktop #1 SMP PREEMPT Wed Dec 17 18:00:44 UTC 2014 (762f27a)
nodename: crystal.site
machine: x86_64
clock source: unix
pcre jit disabled
detected number of CPU cores: 4
current working directory: /home/tyan/python/stockPredict
detected binary path: /usr/sbin/uwsgi
uWSGI running as root, you can use --uid/--gid/--chroot options
*** WARNING: you are running uWSGI as root !!! (use the --uid flag) *** 
your processes number limit is 23493
your memory page size is 4096 bytes
detected max file descriptor number: 1024
lock engine: pthread robust mutexes
thunder lock: disabled (you can enable it with --thunder-lock)
uwsgi socket 0 inherited UNIX address 8077 fd 3
Python version: 2.7.8 (default, Sep 30 2014, 15:34:38) [GCC]
Python version: 2.7.8 (default, Sep 30 2014, 15:34:38) [GCC]
*** Python threads support is disabled. You can enable it with --enable-threads ***
Python main interpreter initialized at 0xf68e80
your server socket listen backlog is limited to 100 connections
your mercy for graceful operations on workers is 60 seconds
mapped 145536 bytes (142 KB) for 1 cores
*** Operational MODE: single process ***
*** Python threads support is disabled. You can enable it with --enable-threads ***
Python main interpreter initialized at 0xbb7dc0
your server socket listen backlog is limited to 100 connections
your mercy for graceful operations on workers is 60 seconds
mapped 145536 bytes (142 KB) for 1 cores
*** Operational MODE: single process ***
WSGI app 0 (mountpoint='') ready in 0 seconds on interpreter 0xf68e80 pid: 6531 (default app)
*** uWSGI is running in multiple interpreter mode ***
gracefully (RE)spawned uWSGI master process (pid: 6531)
spawned uWSGI worker 1 (pid: 8489, cores: 1)
WSGI app 0 (mountpoint='') ready in 0 seconds on interpreter 0xbb7dc0 pid: 4926 (default app)
*** uWSGI is running in multiple interpreter mode ***
gracefully (RE)spawned uWSGI master process (pid: 4926)
spawned uWSGI worker 1 (pid: 8490, cores: 1)
...brutally killing workers...
...brutally killing workers...
worker 1 buried after 0 seconds
binary reloading uWSGI...
chdir() to /home/tyan/python/stockPredict
closing all non-uwsgi socket fds > 2 (max_fd = 1024)...
found fd 3 mapped to socket 0 (8077)
worker 1 buried after 0 seconds
binary reloading uWSGI...
chdir() to /home/tyan/python/stockPredict
closing all non-uwsgi socket fds > 2 (max_fd = 1024)...
running /usr/sbin/uwsgi
found fd 3 mapped to socket 0 (8077)
running /usr/sbin/uwsgi
[uWSGI] parsing config file uwsgi.xml
[uWSGI] parsing config file uwsgi.xml
*** Starting uWSGI 2.0.6 (64bit) on [Tue Dec 30 20:10:06 2014] ***
*** Starting uWSGI 2.0.6 (64bit) on [Tue Dec 30 20:10:06 2014] ***
compiled with version: 4.8.3 20140627 [gcc-4_8-branch revision 212064] on 15 October 2014 17:22:30
compiled with version: 4.8.3 20140627 [gcc-4_8-branch revision 212064] on 15 October 2014 17:22:30
os: Linux-3.16.7-7-desktop #1 SMP PREEMPT Wed Dec 17 18:00:44 UTC 2014 (762f27a)
os: Linux-3.16.7-7-desktop #1 SMP PREEMPT Wed Dec 17 18:00:44 UTC 2014 (762f27a)
nodename: crystal.site
nodename: crystal.site
machine: x86_64
machine: x86_64
clock source: unix
clock source: unix
pcre jit disabled
pcre jit disabled
detected number of CPU cores: 4
detected number of CPU cores: 4
current working directory: /home/tyan/python/stockPredict
current working directory: /home/tyan/python/stockPredict
detected binary path: /usr/sbin/uwsgi
detected binary path: /usr/sbin/uwsgi
uWSGI running as root, you can use --uid/--gid/--chroot options
*** WARNING: you are running uWSGI as root !!! (use the --uid flag) *** 
your processes number limit is 23493
your memory page size is 4096 bytes
your processes number limit is 23493
detected max file descriptor number: 1024
your memory page size is 4096 bytes
lock engine: pthread robust mutexes
detected max file descriptor number: 1024
lock engine: pthread robust mutexes
thunder lock: disabled (you can enable it with --thunder-lock)
thunder lock: disabled (you can enable it with --thunder-lock)
uwsgi socket 0 inherited UNIX address 8077 fd 3
uwsgi socket 0 inherited UNIX address 8077 fd 3
Python version: 2.7.8 (default, Sep 30 2014, 15:34:38) [GCC]
Python version: 2.7.8 (default, Sep 30 2014, 15:34:38) [GCC]
*** Python threads support is disabled. You can enable it with --enable-threads ***
Python main interpreter initialized at 0x1f9ee80
your server socket listen backlog is limited to 100 connections
your mercy for graceful operations on workers is 60 seconds
mapped 145536 bytes (142 KB) for 1 cores
*** Operational MODE: single process ***
*** Python threads support is disabled. You can enable it with --enable-threads ***
Python main interpreter initialized at 0x24dbdc0
your server socket listen backlog is limited to 100 connections
your mercy for graceful operations on workers is 60 seconds
mapped 145536 bytes (142 KB) for 1 cores
*** Operational MODE: single process ***
WSGI app 0 (mountpoint='') ready in 1 seconds on interpreter 0x24dbdc0 pid: 4926 (default app)
*** uWSGI is running in multiple interpreter mode ***
gracefully (RE)spawned uWSGI master process (pid: 4926)
spawned uWSGI worker 1 (pid: 8508, cores: 1)
WSGI app 0 (mountpoint='') ready in 1 seconds on interpreter 0x1f9ee80 pid: 6531 (default app)
*** uWSGI is running in multiple interpreter mode ***
gracefully (RE)spawned uWSGI master process (pid: 6531)
spawned uWSGI worker 1 (pid: 8509, cores: 1)
...brutally killing workers...
...brutally killing workers...
worker 1 buried after 1 seconds
binary reloading uWSGI...
chdir() to /home/tyan/python/stockPredict
closing all non-uwsgi socket fds > 2 (max_fd = 1024)...
found fd 3 mapped to socket 0 (8077)
worker 1 buried after 1 seconds
running /usr/sbin/uwsgi
binary reloading uWSGI...
chdir() to /home/tyan/python/stockPredict
closing all non-uwsgi socket fds > 2 (max_fd = 1024)...
found fd 3 mapped to socket 0 (8077)
running /usr/sbin/uwsgi
[uWSGI] parsing config file uwsgi.xml
[uWSGI] parsing config file uwsgi.xml
*** Starting uWSGI 2.0.6 (64bit) on [Tue Dec 30 20:10:08 2014] ***
compiled with version: 4.8.3 20140627 [gcc-4_8-branch revision 212064] on 15 October 2014 17:22:30
os: Linux-3.16.7-7-desktop #1 SMP PREEMPT Wed Dec 17 18:00:44 UTC 2014 (762f27a)
nodename: crystal.site
machine: x86_64
clock source: unix
pcre jit disabled
detected number of CPU cores: 4
current working directory: /home/tyan/python/stockPredict
detected binary path: /usr/sbin/uwsgi
uWSGI running as root, you can use --uid/--gid/--chroot options
*** WARNING: you are running uWSGI as root !!! (use the --uid flag) *** 
your processes number limit is 23493
your memory page size is 4096 bytes
detected max file descriptor number: 1024
lock engine: pthread robust mutexes
thunder lock: disabled (you can enable it with --thunder-lock)
uwsgi socket 0 inherited UNIX address 8077 fd 3
*** Starting uWSGI 2.0.6 (64bit) on [Tue Dec 30 20:10:08 2014] ***
compiled with version: 4.8.3 20140627 [gcc-4_8-branch revision 212064] on 15 October 2014 17:22:30
os: Linux-3.16.7-7-desktop #1 SMP PREEMPT Wed Dec 17 18:00:44 UTC 2014 (762f27a)
nodename: crystal.site
machine: x86_64
clock source: unix
pcre jit disabled
detected number of CPU cores: 4
current working directory: /home/tyan/python/stockPredict
detected binary path: /usr/sbin/uwsgi
your processes number limit is 23493
your memory page size is 4096 bytes
detected max file descriptor number: 1024
lock engine: pthread robust mutexes
thunder lock: disabled (you can enable it with --thunder-lock)
uwsgi socket 0 inherited UNIX address 8077 fd 3
Python version: 2.7.8 (default, Sep 30 2014, 15:34:38) [GCC]
Python version: 2.7.8 (default, Sep 30 2014, 15:34:38) [GCC]
*** Python threads support is disabled. You can enable it with --enable-threads ***
Python main interpreter initialized at 0x1084dc0
your server socket listen backlog is limited to 100 connections
your mercy for graceful operations on workers is 60 seconds
mapped 145536 bytes (142 KB) for 1 cores
*** Operational MODE: single process ***
*** Python threads support is disabled. You can enable it with --enable-threads ***
Python main interpreter initialized at 0x16f3e80
your server socket listen backlog is limited to 100 connections
your mercy for graceful operations on workers is 60 seconds
mapped 145536 bytes (142 KB) for 1 cores
*** Operational MODE: single process ***
WSGI app 0 (mountpoint='') ready in 0 seconds on interpreter 0x16f3e80 pid: 6531 (default app)
*** uWSGI is running in multiple interpreter mode ***
gracefully (RE)spawned uWSGI master process (pid: 6531)
spawned uWSGI worker 1 (pid: 8528, cores: 1)
WSGI app 0 (mountpoint='') ready in 0 seconds on interpreter 0x1084dc0 pid: 4926 (default app)
*** uWSGI is running in multiple interpreter mode ***
gracefully (RE)spawned uWSGI master process (pid: 4926)
spawned uWSGI worker 1 (pid: 8529, cores: 1)
...brutally killing workers...
worker 1 buried after 1 seconds
binary reloading uWSGI...
chdir() to /home/tyan/python/stockPredict
closing all non-uwsgi socket fds > 2 (max_fd = 1024)...
found fd 3 mapped to socket 0 (8077)
running /usr/sbin/uwsgi
[uWSGI] parsing config file uwsgi.xml
*** Starting uWSGI 2.0.6 (64bit) on [Tue Dec 30 20:14:38 2014] ***
compiled with version: 4.8.3 20140627 [gcc-4_8-branch revision 212064] on 15 October 2014 17:22:30
os: Linux-3.16.7-7-desktop #1 SMP PREEMPT Wed Dec 17 18:00:44 UTC 2014 (762f27a)
nodename: crystal.site
machine: x86_64
clock source: unix
pcre jit disabled
detected number of CPU cores: 4
current working directory: /home/tyan/python/stockPredict
detected binary path: /usr/sbin/uwsgi
uWSGI running as root, you can use --uid/--gid/--chroot options
*** WARNING: you are running uWSGI as root !!! (use the --uid flag) *** 
your processes number limit is 23493
your memory page size is 4096 bytes
detected max file descriptor number: 1024
lock engine: pthread robust mutexes
thunder lock: disabled (you can enable it with --thunder-lock)
uwsgi socket 0 inherited UNIX address 8077 fd 3
Python version: 2.7.8 (default, Sep 30 2014, 15:34:38) [GCC]
*** Python threads support is disabled. You can enable it with --enable-threads ***
Python main interpreter initialized at 0x1f82dc0
your server socket listen backlog is limited to 100 connections
your mercy for graceful operations on workers is 60 seconds
mapped 145536 bytes (142 KB) for 1 cores
*** Operational MODE: single process ***
WSGI app 0 (mountpoint='') ready in 1 seconds on interpreter 0x1f82dc0 pid: 4926 (default app)
*** uWSGI is running in multiple interpreter mode ***
gracefully (RE)spawned uWSGI master process (pid: 4926)
spawned uWSGI worker 1 (pid: 9059, cores: 1)
...brutally killing workers...
worker 1 buried after 1 seconds
binary reloading uWSGI...
chdir() to /home/tyan/python/stockPredict
closing all non-uwsgi socket fds > 2 (max_fd = 1024)...
found fd 3 mapped to socket 0 (8077)
running /usr/sbin/uwsgi
[uWSGI] parsing config file uwsgi.xml
*** Starting uWSGI 2.0.6 (64bit) on [Tue Dec 30 20:14:45 2014] ***
compiled with version: 4.8.3 20140627 [gcc-4_8-branch revision 212064] on 15 October 2014 17:22:30
os: Linux-3.16.7-7-desktop #1 SMP PREEMPT Wed Dec 17 18:00:44 UTC 2014 (762f27a)
nodename: crystal.site
machine: x86_64
clock source: unix
pcre jit disabled
detected number of CPU cores: 4
current working directory: /home/tyan/python/stockPredict
detected binary path: /usr/sbin/uwsgi
your processes number limit is 23493
your memory page size is 4096 bytes
detected max file descriptor number: 1024
lock engine: pthread robust mutexes
thunder lock: disabled (you can enable it with --thunder-lock)
uwsgi socket 0 inherited UNIX address 8077 fd 3
Python version: 2.7.8 (default, Sep 30 2014, 15:34:38) [GCC]
*** Python threads support is disabled. You can enable it with --enable-threads ***
Python main interpreter initialized at 0x17a6e80
your server socket listen backlog is limited to 100 connections
your mercy for graceful operations on workers is 60 seconds
mapped 145536 bytes (142 KB) for 1 cores
*** Operational MODE: single process ***
WSGI app 0 (mountpoint='') ready in 0 seconds on interpreter 0x17a6e80 pid: 6531 (default app)
*** uWSGI is running in multiple interpreter mode ***
gracefully (RE)spawned uWSGI master process (pid: 6531)
spawned uWSGI worker 1 (pid: 9080, cores: 1)
...brutally killing workers...
worker 1 buried after 1 seconds
binary reloading uWSGI...
chdir() to /home/tyan/python/stockPredict
closing all non-uwsgi socket fds > 2 (max_fd = 1024)...
found fd 3 mapped to socket 0 (8077)
running /usr/sbin/uwsgi
[uWSGI] parsing config file uwsgi.xml
*** Starting uWSGI 2.0.6 (64bit) on [Tue Dec 30 20:15:33 2014] ***
compiled with version: 4.8.3 20140627 [gcc-4_8-branch revision 212064] on 15 October 2014 17:22:30
os: Linux-3.16.7-7-desktop #1 SMP PREEMPT Wed Dec 17 18:00:44 UTC 2014 (762f27a)
nodename: crystal.site
machine: x86_64
clock source: unix
pcre jit disabled
detected number of CPU cores: 4
current working directory: /home/tyan/python/stockPredict
detected binary path: /usr/sbin/uwsgi
uWSGI running as root, you can use --uid/--gid/--chroot options
*** WARNING: you are running uWSGI as root !!! (use the --uid flag) *** 
your processes number limit is 23493
your memory page size is 4096 bytes
detected max file descriptor number: 1024
lock engine: pthread robust mutexes
thunder lock: disabled (you can enable it with --thunder-lock)
uwsgi socket 0 inherited UNIX address 8077 fd 3
Python version: 2.7.8 (default, Sep 30 2014, 15:34:38) [GCC]
*** Python threads support is disabled. You can enable it with --enable-threads ***
Python main interpreter initialized at 0x808dc0
your server socket listen backlog is limited to 100 connections
your mercy for graceful operations on workers is 60 seconds
mapped 145536 bytes (142 KB) for 1 cores
*** Operational MODE: single process ***
WSGI app 0 (mountpoint='') ready in 0 seconds on interpreter 0x808dc0 pid: 4926 (default app)
*** uWSGI is running in multiple interpreter mode ***
gracefully (RE)spawned uWSGI master process (pid: 4926)
spawned uWSGI worker 1 (pid: 9224, cores: 1)
Tue Dec 30 20:19:38 2014 - uWSGI worker 1 screams: UAAAAAAH my master disconnected: i will kill myself !!!
Tue Dec 30 20:19:49 2014 - uWSGI worker 1 screams: UAAAAAAH my master disconnected: i will kill myself !!!
