*** Starting uWSGI 2.0.6 (64bit) on [Tue Dec 30 19:40:27 2014] ***
compiled with version: 4.8.3 20140627 [gcc-4_8-branch revision 212064] on 15 October 2014 17:22:30
os: Linux-3.16.7-7-desktop #1 SMP PREEMPT Wed Dec 17 18:00:44 UTC 2014 (762f27a)
nodename: crystal.site
machine: x86_64
clock source: unix
pcre jit disabled
detected number of CPU cores: 4
current working directory: /home/tyan/python/stockPredict/stockPredict
detected binary path: /usr/sbin/uwsgi
uWSGI running as root, you can use --uid/--gid/--chroot options
*** WARNING: you are running uWSGI as root !!! (use the --uid flag) *** 
*** WARNING: you are running uWSGI without its master process manager ***
your processes number limit is 23493
your memory page size is 4096 bytes
detected max file descriptor number: 1024
lock engine: pthread robust mutexes
thunder lock: disabled (you can enable it with --thunder-lock)
uwsgi socket 0 bound to TCP address :8077 fd 3
your server socket listen backlog is limited to 100 connections
your mercy for graceful operations on workers is 60 seconds
mapped 72768 bytes (71 KB) for 1 cores
*** Operational MODE: single process ***
*** no app loaded. going in full dynamic mode ***
*** uWSGI is running in multiple interpreter mode ***
!!!!!!!!!!!!!! WARNING !!!!!!!!!!!!!!
no request plugin is loaded, you will not be able to manage requests.
you may need to install the package for your language of choice, or simply load it with --plugin.
!!!!!!!!!!! END OF WARNING !!!!!!!!!!
spawned uWSGI worker 1 (and the only) (pid: 30758, cores: 1)
*** Starting uWSGI 2.0.6 (64bit) on [Tue Dec 30 19:42:40 2014] ***
compiled with version: 4.8.3 20140627 [gcc-4_8-branch revision 212064] on 15 October 2014 17:22:30
os: Linux-3.16.7-7-desktop #1 SMP PREEMPT Wed Dec 17 18:00:44 UTC 2014 (762f27a)
nodename: crystal.site
machine: x86_64
clock source: unix
pcre jit disabled
detected number of CPU cores: 4
current working directory: /home/tyan/python/stockPredict/stockPredict
detected binary path: /usr/sbin/uwsgi
uWSGI running as root, you can use --uid/--gid/--chroot options
*** WARNING: you are running uWSGI as root !!! (use the --uid flag) *** 
*** WARNING: you are running uWSGI without its master process manager ***
your processes number limit is 23493
your memory page size is 4096 bytes
detected max file descriptor number: 1024
lock engine: pthread robust mutexes
thunder lock: disabled (you can enable it with --thunder-lock)
uwsgi socket 0 bound to TCP address :8077 fd 3
your server socket listen backlog is limited to 100 connections
your mercy for graceful operations on workers is 60 seconds
mapped 72768 bytes (71 KB) for 1 cores
*** Operational MODE: single process ***
*** no app loaded. going in full dynamic mode ***
*** uWSGI is running in multiple interpreter mode ***
!!!!!!!!!!!!!! WARNING !!!!!!!!!!!!!!
no request plugin is loaded, you will not be able to manage requests.
you may need to install the package for your language of choice, or simply load it with --plugin.
!!!!!!!!!!! END OF WARNING !!!!!!!!!!
spawned uWSGI worker 1 (and the only) (pid: 31336, cores: 1)
invalid request block size: 21573 (max 4096)...skip
invalid request block size: 21573 (max 4096)...skip
invalid request block size: 21573 (max 4096)...skip
invalid request block size: 21573 (max 4096)...skip
*** Starting uWSGI 2.0.6 (64bit) on [Tue Dec 30 19:44:47 2014] ***
compiled with version: 4.8.3 20140627 [gcc-4_8-branch revision 212064] on 15 October 2014 17:22:30
os: Linux-3.16.7-7-desktop #1 SMP PREEMPT Wed Dec 17 18:00:44 UTC 2014 (762f27a)
nodename: crystal.site
machine: x86_64
clock source: unix
pcre jit disabled
detected number of CPU cores: 4
current working directory: /home/tyan/python/stockPredict/stockPredict
detected binary path: /usr/sbin/uwsgi
uWSGI running as root, you can use --uid/--gid/--chroot options
*** WARNING: you are running uWSGI as root !!! (use the --uid flag) *** 
*** WARNING: you are running uWSGI without its master process manager ***
your processes number limit is 23493
your memory page size is 4096 bytes
detected max file descriptor number: 1024
lock engine: pthread robust mutexes
thunder lock: disabled (you can enable it with --thunder-lock)
uwsgi socket 0 bound to TCP address :8077 fd 3
Python version: 2.7.8 (default, Sep 30 2014, 15:34:38) [GCC]
*** Python threads support is disabled. You can enable it with --enable-threads ***
Python main interpreter initialized at 0x1d7d250
your server socket listen backlog is limited to 100 connections
your mercy for graceful operations on workers is 60 seconds
mapped 72768 bytes (71 KB) for 1 cores
*** Operational MODE: single process ***
Traceback (most recent call last):
  File "./wsgi.py", line 14, in <module>
    application = get_wsgi_application()
  File "/usr/lib/python2.7/site-packages/Django-1.8-py2.7.egg/django/core/wsgi.py", line 14, in get_wsgi_application
    django.setup()
  File "/usr/lib/python2.7/site-packages/Django-1.8-py2.7.egg/django/__init__.py", line 17, in setup
    configure_logging(settings.LOGGING_CONFIG, settings.LOGGING)
  File "/usr/lib/python2.7/site-packages/Django-1.8-py2.7.egg/django/conf/__init__.py", line 48, in __getattr__
    self._setup(name)
  File "/usr/lib/python2.7/site-packages/Django-1.8-py2.7.egg/django/conf/__init__.py", line 44, in _setup
    self._wrapped = Settings(settings_module)
  File "/usr/lib/python2.7/site-packages/Django-1.8-py2.7.egg/django/conf/__init__.py", line 92, in __init__
    mod = importlib.import_module(self.SETTINGS_MODULE)
  File "/usr/lib64/python2.7/importlib/__init__.py", line 37, in import_module
    __import__(name)
ImportError: No module named stockPredict.settings
unable to load app 0 (mountpoint='') (callable not found or import error)
*** no app loaded. going in full dynamic mode ***
*** uWSGI is running in multiple interpreter mode ***
spawned uWSGI worker 1 (and the only) (pid: 31891, cores: 1)
invalid request block size: 21573 (max 4096)...skip
invalid request block size: 21573 (max 4096)...skip
invalid request block size: 21573 (max 4096)...skip
invalid request block size: 21573 (max 4096)...skip
--- no python application found, check your startup logs for errors ---
[pid: 31891|app: -1|req: -1/1] 127.0.0.1 () {38 vars in 675 bytes} [Tue Dec 30 19:46:52 2014] GET / => generated 21 bytes in 0 msecs (HTTP/1.1 500) 2 headers in 83 bytes (0 switches on core 0)
--- no python application found, check your startup logs for errors ---
[pid: 31891|app: -1|req: -1/2] 127.0.0.1 () {38 vars in 662 bytes} [Tue Dec 30 19:46:59 2014] GET / => generated 21 bytes in 0 msecs (HTTP/1.1 500) 2 headers in 83 bytes (0 switches on core 0)
invalid request block size: 21573 (max 4096)...skip
